2023-01-26 20:20:03.483 [info] Log level: Info
2023-01-26 20:20:03.715 [info] Validating found git in: "/usr/bin/git"
2023-01-26 20:20:03.805 [info] Using git "2.17.2 (Apple Git-113)" from "/usr/bin/git"
2023-01-26 20:20:26.090 [info] Log level: Info
2023-01-26 20:20:26.106 [info] Validating found git in: "/usr/bin/git"
2023-01-26 20:20:26.145 [info] Using git "2.17.2 (Apple Git-113)" from "/usr/bin/git"
2023-01-26 20:20:26.172 [info] > git rev-parse --show-toplevel [12ms]
2023-01-26 20:20:26.173 [info] fatal: not a git repository (or any of the parent directories): .git
2023-01-26 20:31:07.898 [info] > git rev-parse --show-toplevel [61ms]
2023-01-26 20:31:07.898 [info] fatal: not a git repository (or any of the parent directories): .git
2023-01-26 20:31:09.300 [info] > git rev-parse --show-toplevel [28ms]
2023-01-26 20:31:09.300 [info] fatal: not a git repository (or any of the parent directories): .git
2023-01-26 20:31:10.806 [info] > git rev-parse --show-toplevel [17ms]
2023-01-26 20:31:10.806 [info] fatal: not a git repository (or any of the parent directories): .git
2023-01-26 20:31:44.055 [info] > git rev-parse --show-toplevel [87ms]
2023-01-26 20:31:44.055 [info] fatal: not a git repository (or any of the parent directories): .git
2023-01-26 20:31:44.087 [info] > git rev-parse --show-toplevel [16ms]
2023-01-26 20:31:44.087 [info] fatal: not a git repository (or any of the parent directories): .git
2023-01-26 20:31:44.231 [info] > git rev-parse --show-toplevel [23ms]
2023-01-26 20:31:44.232 [info] fatal: not a git repository (or any of the parent directories): .git
2023-01-26 20:32:08.073 [info] > git rev-parse --show-toplevel [30ms]
2023-01-26 20:32:08.073 [info] fatal: not a git repository (or any of the parent directories): .git
2023-01-26 20:32:49.521 [info] > git rev-parse --show-toplevel [40ms]
2023-01-26 20:32:49.522 [info] fatal: not a git repository (or any of the parent directories): .git
2023-01-26 20:34:21.400 [info] > git rev-parse --show-toplevel [37ms]
2023-01-26 20:34:21.401 [info] fatal: not a git repository (or any of the parent directories): .git
2023-01-26 21:03:24.707 [info] > git rev-parse --show-toplevel [43ms]
2023-01-26 21:03:24.708 [info] fatal: not a git repository (or any of the parent directories): .git
2023-01-26 21:04:09.834 [info] > git rev-parse --show-toplevel [16ms]
2023-01-26 21:04:09.834 [info] fatal: not a git repository (or any of the parent directories): .git
2023-01-26 21:04:50.665 [info] > git rev-parse --show-toplevel [51ms]
2023-01-26 21:04:50.665 [info] fatal: not a git repository (or any of the parent directories): .git
2023-01-26 21:10:37.167 [info] > git rev-parse --show-toplevel [38ms]
2023-01-26 21:10:37.167 [info] fatal: not a git repository (or any of the parent directories): .git
2023-01-26 21:17:06.567 [info] > git rev-parse --show-toplevel [38ms]
2023-01-26 21:17:06.568 [info] fatal: not a git repository (or any of the parent directories): .git
2023-01-26 21:17:11.366 [info] > git rev-parse --show-toplevel [17ms]
2023-01-26 21:17:11.366 [info] fatal: not a git repository (or any of the parent directories): .git
2023-01-26 21:19:46.231 [info] > git rev-parse --show-toplevel [48ms]
2023-01-26 21:19:46.232 [info] fatal: not a git repository (or any of the parent directories): .git
2023-01-26 21:19:48.530 [info] > git rev-parse --show-toplevel [24ms]
2023-01-26 21:19:48.531 [info] fatal: not a git repository (or any of the parent directories): .git
2023-01-26 21:35:12.035 [info] > git rev-parse --show-toplevel [47ms]
2023-01-26 21:35:12.035 [info] fatal: not a git repository (or any of the parent directories): .git
2023-01-26 21:43:50.848 [info] > git rev-parse --show-toplevel [70ms]
2023-01-26 21:43:50.848 [info] fatal: not a git repository (or any of the parent directories): .git
2023-01-26 21:44:36.220 [info] > git rev-parse --show-toplevel [153ms]
2023-01-26 21:44:36.221 [info] fatal: not a git repository (or any of the parent directories): .git
2023-01-26 21:44:44.674 [info] > git rev-parse --show-toplevel [56ms]
2023-01-26 21:44:44.674 [info] fatal: not a git repository (or any of the parent directories): .git
2023-01-26 21:44:51.535 [info] > git rev-parse --show-toplevel [63ms]
2023-01-26 21:44:51.535 [info] fatal: not a git repository (or any of the parent directories): .git
2023-01-26 21:50:26.808 [info] > git rev-parse --show-toplevel [233ms]
2023-01-26 21:50:26.810 [info] fatal: not a git repository (or any of the parent directories): .git
2023-01-26 21:50:34.692 [info] > git rev-parse --show-toplevel [49ms]
2023-01-26 21:50:34.693 [info] fatal: not a git repository (or any of the parent directories): .git
2023-01-26 21:51:11.523 [info] > git rev-parse --show-toplevel [104ms]
2023-01-26 21:51:11.524 [info] fatal: not a git repository (or any of the parent directories): .git
2023-01-26 21:51:16.115 [info] > git rev-parse --show-toplevel [52ms]
2023-01-26 21:51:16.115 [info] fatal: not a git repository (or any of the parent directories): .git
2023-01-26 21:52:21.855 [info] > git rev-parse --show-toplevel [96ms]
2023-01-26 21:52:21.856 [info] fatal: not a git repository (or any of the parent directories): .git
2023-01-26 22:20:25.322 [info] > git rev-parse --show-toplevel [42ms]
2023-01-26 22:20:25.324 [info] fatal: not a git repository (or any of the parent directories): .git
2023-01-26 22:20:33.707 [info] > git rev-parse --show-toplevel [37ms]
2023-01-26 22:20:33.707 [info] fatal: not a git repository (or any of the parent directories): .git
2023-01-26 22:20:45.420 [info] > git rev-parse --show-toplevel [37ms]
2023-01-26 22:20:45.420 [info] fatal: not a git repository (or any of the parent directories): .git
2023-01-26 22:22:18.896 [info] > git rev-parse --show-toplevel [38ms]
2023-01-26 22:22:18.897 [info] fatal: not a git repository (or any of the parent directories): .git
2023-01-26 22:23:27.655 [info] > git rev-parse --show-toplevel [39ms]
2023-01-26 22:23:27.656 [info] fatal: not a git repository (or any of the parent directories): .git
2023-01-26 22:25:54.537 [info] > git rev-parse --show-toplevel [53ms]
2023-01-26 22:25:54.538 [info] fatal: not a git repository (or any of the parent directories): .git
2023-01-26 22:28:48.537 [info] > git rev-parse --show-toplevel [63ms]
2023-01-26 22:28:48.538 [info] fatal: not a git repository (or any of the parent directories): .git
2023-01-26 22:31:17.322 [info] > git rev-parse --show-toplevel [47ms]
2023-01-26 22:31:17.322 [info] fatal: not a git repository (or any of the parent directories): .git
2023-01-26 22:31:22.948 [info] > git rev-parse --show-toplevel [23ms]
2023-01-26 22:31:22.948 [info] fatal: not a git repository (or any of the parent directories): .git
2023-01-26 22:31:28.617 [info] > git rev-parse --show-toplevel [24ms]
2023-01-26 22:31:28.617 [info] fatal: not a git repository (or any of the parent directories): .git
2023-01-26 22:31:35.510 [info] > git rev-parse --show-toplevel [21ms]
2023-01-26 22:31:35.511 [info] fatal: not a git repository (or any of the parent directories): .git
2023-01-26 22:32:02.570 [info] > git rev-parse --show-toplevel [16ms]
2023-01-26 22:32:02.570 [info] fatal: not a git repository (or any of the parent directories): .git
2023-01-26 22:33:14.183 [info] > git rev-parse --show-toplevel [42ms]
2023-01-26 22:33:14.184 [info] fatal: not a git repository (or any of the parent directories): .git
2023-01-26 22:35:37.079 [info] > git rev-parse --show-toplevel [42ms]
2023-01-26 22:35:37.080 [info] fatal: not a git repository (or any of the parent directories): .git
2023-01-26 22:36:38.166 [info] > git rev-parse --show-toplevel [33ms]
2023-01-26 22:36:38.167 [info] fatal: not a git repository (or any of the parent directories): .git
2023-01-26 22:36:42.838 [info] > git rev-parse --show-toplevel [17ms]
2023-01-26 22:36:42.838 [info] fatal: not a git repository (or any of the parent directories): .git
2023-01-26 22:40:16.367 [info] > git rev-parse --show-toplevel [49ms]
2023-01-26 22:40:16.368 [info] fatal: not a git repository (or any of the parent directories): .git
2023-01-26 22:42:33.819 [info] > git rev-parse --show-toplevel [39ms]
2023-01-26 22:42:33.819 [info] fatal: not a git repository (or any of the parent directories): .git
2023-01-26 22:43:08.627 [info] > git rev-parse --show-toplevel [40ms]
2023-01-26 22:43:08.628 [info] fatal: not a git repository (or any of the parent directories): .git
2023-01-26 22:43:38.208 [info] > git rev-parse --show-toplevel [35ms]
2023-01-26 22:43:38.209 [info] fatal: not a git repository (or any of the parent directories): .git
2023-01-26 22:44:12.879 [info] > git rev-parse --show-toplevel [37ms]
2023-01-26 22:44:12.880 [info] fatal: not a git repository (or any of the parent directories): .git
2023-01-26 23:21:56.088 [info] > git rev-parse --show-toplevel [64ms]
2023-01-26 23:21:56.091 [info] fatal: not a git repository (or any of the parent directories): .git
2023-01-26 23:22:04.139 [info] > git rev-parse --show-toplevel [24ms]
2023-01-26 23:22:04.139 [info] fatal: not a git repository (or any of the parent directories): .git
