Visual Studio Code (1.74.3, undefined, desktop)
Jupyter Extension Version: 2022.11.1003412109.
Python Extension Version: 2022.20.2.
Workspace folder /Users/rafaelsouza/Documents/Library
info 20:31:45.255: ZMQ install verified.
info 20:31:46.045: LSP Notebooks experiment is enabled
info 20:31:46.129: Process Execution: > jupyter lab --version
> jupyter lab --version
info 20:31:46.134: Process Execution: > jupyter notebook --version
> jupyter notebook --version
info 20:31:47.336: Got empty env vars with python /usr/bin/python in 66ms
info 20:31:47.351: Process Execution: > /usr/bin/python -m pip list
> /usr/bin/python -m pip list
info 20:31:47.447: Process Execution: > /usr/bin/python -c "import pip"
> /usr/bin/python -c "import pip"
error 20:31:47.525: interpreterPackages getPackageInformation, Class name = r, completed in 256ms, has a falsy return value, Arg 1: {"interpreter":{"id":"/usr/bin/python","sysPrefix":"/System/Library/Frameworks/Python.framework/Versions/2.7","displayPath":{"$mid":1,"path":"/usr/bin/python","scheme":"file"},"envName":"","uri":{"$mid":1,"fsPath":"/usr/bin/python","external":"file:///usr/bin/python","path":"/usr/bin/python","scheme":"file"},"displayName":"","envType":"Unknown","version":{"major":2,"minor":7,"patch":10,"raw":"2.7.10 (default, Oct  6 2017, 22:29:07) \n[GCC 4.2.1 Compatible Apple LLVM 9.0.0 (clang-900.0.31)]"}}} [i [Error]: Module 'pip' not installed.
	at l.execModule (/Users/rafaelsouza/.vscode/extensions/ms-toolsai.jupyter-2022.11.1003412109/out/extension.node.js:7:82791)
	at async r.getPackageInformation (/Users/rafaelsouza/.vscode/extensions/ms-toolsai.jupyter-2022.11.1003412109/out/extension.node.js:17:42188)] {
  category: 'notinstalled',
  moduleName: 'pip'
}
info 20:31:49.710: Process Execution: > ~/Documents/Library/venv/bin/python -m pip list
> ~/Documents/Library/venv/bin/python -m pip list
info 20:31:49.713: Got env vars with python /Users/rafaelsouza/Documents/Library/venv/bin/python, with env var count 30 and custom env var count 24 in 230ms
info 23:22:30.646: Shutting down notebooks for b6f5a61e-186f-4ca6-a94e-9e33eacf241f
info 23:22:30.646: Disposing HostJupyterExecution 8fafd573-3f68-42f3-bb36-7d5712afb705
info 23:22:30.646: Disposing super HostJupyterExecution 8fafd573-3f68-42f3-bb36-7d5712afb705
info 23:22:30.648: Disposing HostJupyterExecution 8fafd573-3f68-42f3-bb36-7d5712afb705
info 23:22:30.648: Finished disposing HostJupyterExecution  8fafd573-3f68-42f3-bb36-7d5712afb705
info 23:22:30.690: Cleaning up server cache 8fafd573-3f68-42f3-bb36-7d5712afb705
info 23:22:30.692: Finished disposing HostJupyterExecution  8fafd573-3f68-42f3-bb36-7d5712afb705
