Experiment 'pythonSurveyNotification' is active
LSP Notebooks experiment is enabled
LSP Notebooks interactive window support is enabled
> conda info --json
> python -c "import sys;print(sys.executable)"
> ./venv/bin/python ~/.vscode/extensions/ms-python.python-2022.20.2/pythonFiles/get_output_via_markers.py ~/.vscode/extensions/ms-python.python-2022.20.2/pythonFiles/interpreterInfo.py
> /usr/bin/python ~/.vscode/extensions/ms-python.python-2022.20.2/pythonFiles/get_output_via_markers.py ~/.vscode/extensions/ms-python.python-2022.20.2/pythonFiles/interpreterInfo.py
> /usr/bin/python2.7 ~/.vscode/extensions/ms-python.python-2022.20.2/pythonFiles/get_output_via_markers.py ~/.vscode/extensions/ms-python.python-2022.20.2/pythonFiles/interpreterInfo.py
> /usr/include/python2.7 ~/.vscode/extensions/ms-python.python-2022.20.2/pythonFiles/get_output_via_markers.py ~/.vscode/extensions/ms-python.python-2022.20.2/pythonFiles/interpreterInfo.py
> /usr/lib/python2.7 ~/.vscode/extensions/ms-python.python-2022.20.2/pythonFiles/get_output_via_markers.py ~/.vscode/extensions/ms-python.python-2022.20.2/pythonFiles/interpreterInfo.py
[ERROR 2023-0-26 20:31:47.372]: [Error: Command failed: /usr/include/python2.7 /Users/rafaelsouza/.vscode/extensions/ms-python.python-2022.20.2/pythonFiles/get_output_via_markers.py /Users/rafaelsouza/.vscode/extensions/ms-python.python-2022.20.2/pythonFiles/interpreterInfo.py
/bin/sh: /usr/include/python2.7: is a directory

	at ChildProcess.exithandler (node:child_process:408:12)
	at ChildProcess.emit (node:events:526:28)
	at maybeClose (node:internal/child_process:1092:16)
	at Socket.<anonymous> (node:internal/child_process:451:11)
	at Socket.emit (node:events:526:28)
	at Pipe.<anonymous> (node:net:687:12)] {
  killed: false,
  code: 126,
  signal: null,
  cmd: '/usr/include/python2.7 /Users/rafaelsouza/.vscode/extensions/ms-python.python-2022.20.2/pythonFiles/get_output_via_markers.py /Users/rafaelsouza/.vscode/extensions/ms-python.python-2022.20.2/pythonFiles/interpreterInfo.py'
}
> /usr/local/bin/python3 ~/.vscode/extensions/ms-python.python-2022.20.2/pythonFiles/get_output_via_markers.py ~/.vscode/extensions/ms-python.python-2022.20.2/pythonFiles/interpreterInfo.py
[ERROR 2023-0-26 20:31:47.386]: [Error: Command failed: /usr/lib/python2.7 /Users/rafaelsouza/.vscode/extensions/ms-python.python-2022.20.2/pythonFiles/get_output_via_markers.py /Users/rafaelsouza/.vscode/extensions/ms-python.python-2022.20.2/pythonFiles/interpreterInfo.py
/bin/sh: /usr/lib/python2.7: is a directory

	at ChildProcess.exithandler (node:child_process:408:12)
	at ChildProcess.emit (node:events:526:28)
	at maybeClose (node:internal/child_process:1092:16)
	at Socket.<anonymous> (node:internal/child_process:451:11)
	at Socket.emit (node:events:526:28)
	at Pipe.<anonymous> (node:net:687:12)] {
  killed: false,
  code: 126,
  signal: null,
  cmd: '/usr/lib/python2.7 /Users/rafaelsouza/.vscode/extensions/ms-python.python-2022.20.2/pythonFiles/get_output_via_markers.py /Users/rafaelsouza/.vscode/extensions/ms-python.python-2022.20.2/pythonFiles/interpreterInfo.py'
}
> /usr/include/python2.7 ~/.vscode/extensions/ms-python.python-2022.20.2/pythonFiles/get_output_via_markers.py ~/.vscode/extensions/ms-python.python-2022.20.2/pythonFiles/interpreterInfo.py
[ERROR 2023-0-26 20:31:49.381]: [Error: Command failed: /usr/include/python2.7 /Users/rafaelsouza/.vscode/extensions/ms-python.python-2022.20.2/pythonFiles/get_output_via_markers.py /Users/rafaelsouza/.vscode/extensions/ms-python.python-2022.20.2/pythonFiles/interpreterInfo.py
/bin/sh: /usr/include/python2.7: is a directory

	at ChildProcess.exithandler (node:child_process:408:12)
	at ChildProcess.emit (node:events:526:28)
	at maybeClose (node:internal/child_process:1092:16)
	at Socket.<anonymous> (node:internal/child_process:451:11)
	at Socket.emit (node:events:526:28)
	at Pipe.<anonymous> (node:net:687:12)] {
  killed: false,
  code: 126,
  signal: null,
  cmd: '/usr/include/python2.7 /Users/rafaelsouza/.vscode/extensions/ms-python.python-2022.20.2/pythonFiles/get_output_via_markers.py /Users/rafaelsouza/.vscode/extensions/ms-python.python-2022.20.2/pythonFiles/interpreterInfo.py'
}
> /usr/lib/python2.7 ~/.vscode/extensions/ms-python.python-2022.20.2/pythonFiles/get_output_via_markers.py ~/.vscode/extensions/ms-python.python-2022.20.2/pythonFiles/interpreterInfo.py
[ERROR 2023-0-26 20:31:49.393]: [Error: Command failed: /usr/lib/python2.7 /Users/rafaelsouza/.vscode/extensions/ms-python.python-2022.20.2/pythonFiles/get_output_via_markers.py /Users/rafaelsouza/.vscode/extensions/ms-python.python-2022.20.2/pythonFiles/interpreterInfo.py
/bin/sh: /usr/lib/python2.7: is a directory

	at ChildProcess.exithandler (node:child_process:408:12)
	at ChildProcess.emit (node:events:526:28)
	at maybeClose (node:internal/child_process:1092:16)
	at Socket.<anonymous> (node:internal/child_process:451:11)
	at Socket.emit (node:events:526:28)
	at Pipe.<anonymous> (node:net:687:12)] {
  killed: false,
  code: 126,
  signal: null,
  cmd: '/usr/lib/python2.7 /Users/rafaelsouza/.vscode/extensions/ms-python.python-2022.20.2/pythonFiles/get_output_via_markers.py /Users/rafaelsouza/.vscode/extensions/ms-python.python-2022.20.2/pythonFiles/interpreterInfo.py'
}
> . ./venv/bin/activate && echo 'e8b39361-0157-4923-80e1-22d70d46dee6' && python ~/.vscode/extensions/ms-python.python-2022.20.2/pythonFiles/printEnvVariables.py
Python interpreter path: ~/Documents/Library/venv/bin/python
Starting Pylance language server.
