[Info  - 8:31:50 PM] (2189) Pylance language server 2023.1.40 (pyright e96b3ece) starting
[Info  - 8:31:50 PM] (2189) Server root directory: /Users/rafaelsouza/.vscode/extensions/ms-python.vscode-pylance-2023.1.40/dist
[Info  - 8:31:50 PM] (2189) Starting service instance "Library"
[Info  - 8:31:50 PM] (2189) No configuration file found.
[Info  - 8:31:50 PM] (2189) No pyproject.toml file found.
[Info  - 8:31:50 PM] (2189) Setting pythonPath for service "Library": "/Users/rafaelsouza/Documents/Library/venv/bin/python"
[Warn  - 8:31:50 PM] (2189) stubPath /Users/rafaelsouza/Documents/Library/typings is not a valid directory.
[Info  - 8:31:50 PM] (2189) Assuming Python version 3.11
[Info  - 8:31:50 PM] (2189) Assuming Python platform Darwin
[Info  - 8:31:50 PM] (2189) Searching for source files
[Info  - 8:31:50 PM] (2189) Auto-excluding /Users/rafaelsouza/Documents/Library/venv
[Info  - 8:31:50 PM] (2189) Found 13 source files
[Info  - 8:31:51 PM] (2189) Background analysis(1) root directory: /Users/rafaelsouza/.vscode/extensions/ms-python.vscode-pylance-2023.1.40/dist
[Info  - 8:31:51 PM] (2189) Background analysis(1) started
[Info  - 8:31:51 PM] (2189) Indexer background runner(2) root directory: /Users/rafaelsouza/.vscode/extensions/ms-python.vscode-pylance-2023.1.40/dist (index)
[Info  - 8:31:51 PM] (2189) Indexing(2) started
[Info  - 8:31:52 PM] (2189) scanned(2) 37 files over 1 exec env
[Info  - 8:31:53 PM] (2189) indexed(2) 24 files over 1 exec env
[Info  - 8:31:53 PM] (2189) Indexing finished(2).
[Info  - 9:03:02 PM] (2189) Searching for source files
[Info  - 9:03:02 PM] (2189) Auto-excluding /Users/rafaelsouza/Documents/Library/venv
[Info  - 9:03:02 PM] (2189) Found 13 source files
[Info  - 9:03:24 PM] (2189) Searching for source files
[Info  - 9:03:24 PM] (2189) Auto-excluding /Users/rafaelsouza/Documents/Library/venv
[Info  - 9:03:24 PM] (2189) Found 14 source files
[Info  - 9:04:10 PM] (2189) Searching for source files
[Info  - 9:04:10 PM] (2189) Auto-excluding /Users/rafaelsouza/Documents/Library/venv
[Info  - 9:04:10 PM] (2189) Found 15 source files
