2023-01-26 20:19:59.349 [info] Added views:workbench.panel.markers.view in workbench.panel.markers
2023-01-26 20:19:59.349 [info] Added views:workbench.panel.output in workbench.panel.output
2023-01-26 20:19:59.349 [info] Added views:terminal in terminal
2023-01-26 20:19:59.349 [info] Added views:outline in workbench.view.explorer
2023-01-26 20:19:59.349 [info] Added views:workbench.scm in workbench.view.scm
2023-01-26 20:19:59.349 [info] Added views:workbench.view.search in workbench.view.search
2023-01-26 20:19:59.349 [info] Added views:timeline in workbench.view.explorer
2023-01-26 20:19:59.349 [info] Added views:workbench.explorer.emptyView in workbench.view.explorer
2023-01-26 20:19:59.349 [info] Added views:workbench.debug.welcome in workbench.view.debug
2023-01-26 20:20:02.688 [info] Added views:workbench.panel.repl.view in workbench.panel.repl
2023-01-26 20:20:16.756 [info] Added views:workbench.panel.markers.view in workbench.panel.markers
2023-01-26 20:20:16.757 [info] Added views:workbench.panel.output in workbench.panel.output
2023-01-26 20:20:16.757 [info] Added views:terminal in terminal
2023-01-26 20:20:16.757 [info] Added views:outline in workbench.view.explorer
2023-01-26 20:20:16.757 [info] Added views:workbench.scm in workbench.view.scm
2023-01-26 20:20:16.757 [info] Added views:workbench.view.search in workbench.view.search
2023-01-26 20:20:16.757 [info] Added views:timeline in workbench.view.explorer
2023-01-26 20:20:16.757 [info] Added views:workbench.explorer.fileView in workbench.view.explorer
2023-01-26 20:20:16.757 [info] Added views:workbench.debug.variablesView,workbench.debug.watchExpressionsView,workbench.debug.callStackView,workbench.debug.breakPointsView in workbench.view.debug
2023-01-26 20:20:18.816 [info] Added views:workbench.panel.repl.view in workbench.panel.repl
2023-01-26 20:20:18.819 [info] Removed views:workbench.debug.breakPointsView,workbench.debug.callStackView,workbench.debug.watchExpressionsView,workbench.debug.variablesView from workbench.view.debug
2023-01-26 20:20:18.821 [info] Added views:workbench.debug.welcome in workbench.view.debug
2023-01-26 20:31:14.298 [info] Added views:workbench.views.extensions.installed,workbench.views.extensions.popular,extensions.recommendedList in workbench.view.extensions
2023-01-26 20:31:14.304 [info] Removed views:workbench.views.extensions.popular from workbench.view.extensions
2023-01-26 20:31:15.022 [info] Removed views:extensions.recommendedList,workbench.views.extensions.installed from workbench.view.extensions
2023-01-26 20:31:15.051 [info] Added views:workbench.views.extensions.marketplace in workbench.view.extensions
2023-01-26 20:31:43.143 [info] Added views:cell-tag in workbench.view.extension.jupyter
2023-01-26 20:31:46.625 [info] Added views:workbench.view.testing in workbench.view.extension.test
2023-01-26 23:22:30.614 [info] Removed views:workbench.view.testing from workbench.view.extension.test
