

********************************
Finder: DRDeviceCopyDeviceForBSDName(disk2s1) failed
Finder: 0
info = <CFBasicHash 0x600000265c00 [0x7fff91ac3af0]>{type = immutable dict, count = 14,
entries =>
	0 : <CFString 0x7fff91d99190 [0x7fff91ac3af0]>{contents = "DRDeviceLoadingMechanismCanOpenKey"} = <CFBoolean 0x7fff91ac43f8 [0x7fff91ac3af0]>{value = false}
	2 : <CFString 0x7fff91d997f0 [0x7fff91ac3af0]>{contents = "DRDevicePhysicalInterconnectLocationKey"} = <CFString 0x7fff91d99810 [0x7fff91ac3af0]>{contents = "DRDevicePhysicalInterconnectLocationInternal"}
	4 : <CFString 0x7fff91d99110 [0x7fff91ac3af0]>{contents = "DRDeviceIORegistryEntryPathKey"} = <CFString 0x6040003a4280 [0x7fff91ac3af0]>{contents = "IOService:/AppleACPIPlatformExpert/PCI0@0/AppleACPIPCI/SATA@1F,2/AppleIntelPchSeriesAHCI/PRT2@2/IOAHCIDevice@0/IOAHCISerialATAPI/IOSCSIPeripheralDeviceNub/IOSCSIPeripheralDeviceType05/IODVDServices"}
	5 : <CFString 0x7fff91d991b0 [0x7fff91ac3af0]>{contents = "DRDeviceWriteBufferSizeKey"} = <CFNumber 0x40027 [0x7fff91ac3af0]>{value = +1024, type = kCFNumberSInt32Type}
	6 : <CFString 0x7fff91d991d0 [0x7fff91ac3af0]>{contents = "DRDeviceSerialNumberKey"} = <CFString 0x600000667b00 [0x7fff91ac3af0]>{contents = "MATSHITADVD-R   UJ-898  UL21  020EZA"}
	8 : <CFString 0x7fff91d991f0 [0x7fff91ac3af0]>{contents = "DRDeviceProfilePathKey"} = <CFString 0x7fff91d9c630 [0x7fff91ac3af0]>{contents = "built-in"}
	12 : <CFString 0x7fff91d99050 [0x7fff91ac3af0]>{contents = "DRDeviceSupportLevelKey"} = <CFString 0x7fff91d990f0 [0x7fff91ac3af0]>{contents = "DRDeviceSupportLevelAppleShipping"}
	13 : <CFString 0x7fff91d996f0 [0x7fff91ac3af0]>{contents = "DRDeviceProductNameKey"} = <CFString 0x60000042f7a0 [0x7fff91ac3af0]>{contents = "DVD-R   UJ-898"}
	14 : <CFString 0x7fff91d99730 [0x7fff91ac3af0]>{contents = "DRDevicePhysicalInterconnectKey"} = <CFString 0x7fff91d99750 [0x7fff91ac3af0]>{contents = "ATAPI"}
	17 : <CFString 0x7fff91d996d0 [0x7fff91ac3af0]>{contents = "DRDeviceVendorNameKey"} = MATSHITA
	18 : <CFString 0x7fff91d99150 [0x7fff91ac3af0]>{contents = "DRDeviceLoadingMechanismCanEjectKey"} = <CFBoolean 0x7fff91ac43e8 [0x7fff91ac3af0]>{value = true}
	19 : <CFString 0x7fff91d99130 [0x7fff91ac3af0]>{contents = "DRDeviceWriteCapabilitiesKey"} = <CFBasicHash 0x600000867f80 [0x7fff91ac3af0]>{type = immutable dict, count = 37,
entries =>
	0 : <CFString 0x7fff91d99570 [0x7fff91ac3af0]>{contents = "DRDeviceCanWriteIndexPointsKey"} = <CFBoolean 0x7fff91ac43e8 [0x7fff91ac3af0]>{value = true}
	1 : <CFString 0x7fff91d993b0 [0x7fff91ac3af0]>{contents = "DRDeviceCanWriteDVDPlusRWDoubleLayerKey"} = <CFBoolean 0x7fff91ac43f8 [0x7fff91ac3af0]>{value = false}
	2 : <CFString 0x7fff91d995d0 [0x7fff91ac3af0]>{contents = "DRDeviceCanWriteCDTAOKey"} = <CFBoolean 0x7fff91ac43e8 [0x7fff91ac3af0]>{value = true}
	3 : <CFString 0x7fff91d99210 [0x7fff91ac3af0]>{contents = "DRDeviceCanWriteKey"} = <CFBoolean 0x7fff91ac43e8 [0x7fff91ac3af0]>{value = true}
	6 : <CFString 0x7fff91d99590 [0x7fff91ac3af0]>{contents = "DRDeviceCanWriteISRCKey"} = <CFBoolean 0x7fff91ac43e8 [0x7fff91ac3af0]>{value = true}
	10 : <CFString 0x7fff91d99250 [0x7fff91ac3af0]>{contents = "DRDeviceCanWriteCDRKey"} = <CFBoolean 0x7fff91ac43e8 [0x7fff91ac3af0]>{value = true}
	11 : <CFString 0x7fff91d99310 [0x7fff91ac3af0]>{contents = "DRDeviceCanWriteDVDRWDualLayerKey"} = <CFBoolean 0x7fff91ac43f8 [0x7fff91ac3af0]>{value = false}
	12 : <CFString 0x7fff91d99430 [0x7fff91ac3af0]>{contents = "DRDeviceCanWriteBDRSRMKey"} = <CFBoolean 0x7fff91ac43f8 [0x7fff91ac3af0]>{value = false}
	13 : <CFString 0x7fff91d99350 [0x7fff91ac3af0]>{contents = "DRDeviceCanWriteDVDPlusRKey"} = <CFBoolean 0x7fff91ac43e8 [0x7fff91ac3af0]>{value = true}
	14 : <CFString 0x7fff91d994f0 [0x7fff91ac3af0]>{contents = "DRDeviceCanWriteHDDVDRAMKey"} = <CFBoolean 0x7fff91ac43f8 [0x7fff91ac3af0]>{value = false}
	15 : <CFString 0x7fff91d99690 [0x7fff91ac3af0]>{contents = "DRDeviceCanUnderrunProtectCDKey"} = <CFBoolean 0x7fff91ac43e8 [0x7fff91ac3af0]>{value = true}
	18 : <CFString 0x7fff91d99290 [0x7fff91ac3af0]>{contents = "DRDeviceCanWriteDVDKey"} = <CFBoolean 0x7fff91ac43e8 [0x7fff91ac3af0]>{value = true}
	22 : <CFString 0x7fff91d993d0 [0x7fff91ac3af0]>{contents = "DRDeviceCanWriteBDKey"} = <CFBoolean 0x7fff91ac43f8 [0x7fff91ac3af0]>{value = false}
	27 : <CFString 0x7fff91d99470 [0x7fff91ac3af0]>{contents = "DRDeviceCanWriteBDRPOWKey"} = <CFBoolean 0x7fff91ac43f8 [0x7fff91ac3af0]>{value = false}
	30 : <CFString 0x7fff91d99410 [0x7fff91ac3af0]>{contents = "DRDeviceCanWriteBDREKey"} = <CFBoolean 0x7fff91ac43f8 [0x7fff91ac3af0]>{value = false}
	31 : <CFString 0x7fff91d99630 [0x7fff91ac3af0]>{contents = "DRDeviceCanWriteDVDDAOKey"} = <CFBoolean 0x7fff91ac43e8 [0x7fff91ac3af0]>{value = true}
	32 : <CFString 0x7fff91d99270 [0x7fff91ac3af0]>{contents = "DRDeviceCanWriteCDRWKey"} = <CFBoolean 0x7fff91ac43e8 [0x7fff91ac3af0]>{value = true}
	33 : <CFString 0x7fff91d99490 [0x7fff91ac3af0]>{contents = "DRDeviceCanWriteHDDVDKey"} = <CFBoolean 0x7fff91ac43f8 [0x7fff91ac3af0]>{value = false}
	36 : <CFString 0x7fff91d99230 [0x7fff91ac3af0]>{contents = "DRDeviceCanWriteCDKey"} = <CFBoolean 0x7fff91ac43e8 [0x7fff91ac3af0]>{value = true}
	37 : <CFString 0x7fff91d993f0 [0x7fff91ac3af0]>{contents = "DRDeviceCanWriteBDRKey"} = <CFBoolean 0x7fff91ac43f8 [0x7fff91ac3af0]>{value = false}
	40 : <CFString 0x7fff91d992f0 [0x7fff91ac3af0]>{contents = "DRDeviceCanWriteDVDRWKey"} = <CFBoolean 0x7fff91ac43e8 [0x7fff91ac3af0]>{value = true}
	41 : <CFString 0x7fff91d99370 [0x7fff91ac3af0]>{contents = "DRDeviceCanWriteDVDPlusRDoubleLayerKey"} = <CFBoolean 0x7fff91ac43e8 [0x7fff91ac3af0]>{value = true}
	42 : <CFString 0x7fff91d99390 [0x7fff91ac3af0]>{contents = "DRDeviceCanWriteDVDPlusRWKey"} = <CFBoolean 0x7fff91ac43e8 [0x7fff91ac3af0]>{value = true}
	44 : <CFString 0x7fff91d992d0 [0x7fff91ac3af0]>{contents = "DRDeviceCanWriteDVDRDualLayerKey"} = <CFBoolean 0x7fff91ac43e8 [0x7fff91ac3af0]>{value = true}
	45 : <CFString 0x7fff91d99550 [0x7fff91ac3af0]>{contents = "DRDeviceCanWriteCDTextKey"} = <CFBoolean 0x7fff91ac43e8 [0x7fff91ac3af0]>{value = true}
	46 : <CFString 0x7fff91d99510 [0x7fff91ac3af0]>{contents = "DRDeviceCanWriteHDDVDRWKey"} = <CFBoolean 0x7fff91ac43f8 [0x7fff91ac3af0]>{value = false}
	47 : <CFString 0x7fff91d99450 [0x7fff91ac3af0]>{contents = "DRDeviceCanWriteBDRRRMKey"} = <CFBoolean 0x7fff91ac43f8 [0x7fff91ac3af0]>{value = false}
	48 : <CFString 0x7fff91d996b0 [0x7fff91ac3af0]>{contents = "DRDeviceCanUnderrunProtectDVDKey"} = <CFBoolean 0x7fff91ac43e8 [0x7fff91ac3af0]>{value = true}
	50 : <CFString 0x7fff91d995f0 [0x7fff91ac3af0]>{contents = "DRDeviceCanWriteCDSAOKey"} = <CFBoolean 0x7fff91ac43e8 [0x7fff91ac3af0]>{value = true}
	56 : <CFString 0x7fff91d99610 [0x7fff91ac3af0]>{contents = "DRDeviceCanWriteCDRawKey"} = <CFBoolean 0x7fff91ac43f8 [0x7fff91ac3af0]>{value = false}
	57 : <CFString 0x7fff91d99670 [0x7fff91ac3af0]>{contents = "DRDeviceCanTestWriteDVDKey"} = <CFBoolean 0x7fff91ac43e8 [0x7fff91ac3af0]>{value = true}
	58 : <CFString 0x7fff91d994b0 [0x7fff91ac3af0]>{contents = "DRDeviceCanWriteHDDVDRKey"} = <CFBoolean 0x7fff91ac43f8 [0x7fff91ac3af0]>{value = false}
	61 : <CFString 0x7fff91d99330 [0x7fff91ac3af0]>{contents = "DRDeviceCanWriteDVDRAMKey"} = <CFBoolean 0x7fff91ac43f8 [0x7fff91ac3af0]>{value = false}
	67 : <CFString 0x7fff91d994d0 [0x7fff91ac3af0]>{contents = "DRDeviceCanWriteHDDVDRDualLayerKey"} = <CFBoolean 0x7fff91ac43f8 [0x7fff91ac3af0]>{value = false}
	68 : <CFString 0x7fff91d992b0 [0x7fff91ac3af0]>{contents = "DRDeviceCanWriteDVDRKey"} = <CFBoolean 0x7fff91ac43e8 [0x7fff91ac3af0]>{value = true}
	69 : <CFString 0x7fff91d99530 [0x7fff91ac3af0]>{contents = "DRDeviceCanWriteHDDVDRWDualLayerKey"} = <CFBoolean 0x7fff91ac43f8 [0x7fff91ac3af0]>{value = false}
	70 : <CFString 0x7fff91d99650 [0x7fff91ac3af0]>{contents = "DRDeviceCanTestWriteCDKey"} = <CFBoolean 0x7fff91ac43e8 [0x7fff91ac3af0]>{value = true}
}

	21 : <CFString 0x7fff91d99710 [0x7fff91ac3af0]>{contents = "DRDeviceFirmwareRevisionKey"} = HE13
	22 : <CFString 0x7fff91d99170 [0x7fff91ac3af0]>{contents = "DRDeviceLoadingMechanismCanInjectKey"} = <CFBoolean 0x7fff91ac43f8 [0x7fff91ac3af0]>{value = false}
}

status = <CFBasicHash 0x600000862b00 [0x7fff91ac3af0]>{type = immutable dict, count = 5,
entries =>
	0 : <CFString 0x7fff91d99930 [0x7fff91ac3af0]>{contents = "DRDeviceMediaStateKey"} = <CFString 0x7fff91d99990 [0x7fff91ac3af0]>{contents = "DRDeviceMediaStateNone"}
	1 : <CFString 0x7fff91d998b0 [0x7fff91ac3af0]>{contents = "DRDeviceIsBusyKey"} = <CFBoolean 0x7fff91ac43f8 [0x7fff91ac3af0]>{value = false}
	2 : <CFString 0x7fff91d998d0 [0x7fff91ac3af0]>{contents = "DRDeviceIsTrayOpenKey"} = <CFBoolean 0x7fff91ac43e8 [0x7fff91ac3af0]>{value = true}
	5 : <CFString 0x7fff91d998f0 [0x7fff91ac3af0]>{contents = "DRDeviceMaximumWriteSpeedKey"} = <CFNumber 0x47 [0x7fff91ac3af0]>{value = +0.0, type = kCFNumberFloat32Type}
	6 : <CFString 0x7fff91d99910 [0x7fff91ac3af0]>{contents = "DRDeviceCurrentWriteSpeedKey"} = <CFNumber 0x47 [0x7fff91ac3af0]>{value = +0.0, type = kCFNumberFloat32Type}
}




********************************
Finder: DRDeviceCopyDeviceForBSDName(disk2s1) failed
Finder: 0
info = <CFBasicHash 0x600000265c00 [0x7fff91ac3af0]>{type = immutable dict, count = 14,
entries =>
	0 : <CFString 0x7fff91d99190 [0x7fff91ac3af0]>{contents = "DRDeviceLoadingMechanismCanOpenKey"} = <CFBoolean 0x7fff91ac43f8 [0x7fff91ac3af0]>{value = false}
	2 : <CFString 0x7fff91d997f0 [0x7fff91ac3af0]>{contents = "DRDevicePhysicalInterconnectLocationKey"} = <CFString 0x7fff91d99810 [0x7fff91ac3af0]>{contents = "DRDevicePhysicalInterconnectLocationInternal"}
	4 : <CFString 0x7fff91d99110 [0x7fff91ac3af0]>{contents = "DRDeviceIORegistryEntryPathKey"} = <CFString 0x6040003a4280 [0x7fff91ac3af0]>{contents = "IOService:/AppleACPIPlatformExpert/PCI0@0/AppleACPIPCI/SATA@1F,2/AppleIntelPchSeriesAHCI/PRT2@2/IOAHCIDevice@0/IOAHCISerialATAPI/IOSCSIPeripheralDeviceNub/IOSCSIPeripheralDeviceType05/IODVDServices"}
	5 : <CFString 0x7fff91d991b0 [0x7fff91ac3af0]>{contents = "DRDeviceWriteBufferSizeKey"} = <CFNumber 0x40027 [0x7fff91ac3af0]>{value = +1024, type = kCFNumberSInt32Type}
	6 : <CFString 0x7fff91d991d0 [0x7fff91ac3af0]>{contents = "DRDeviceSerialNumberKey"} = <CFString 0x600000667b00 [0x7fff91ac3af0]>{contents = "MATSHITADVD-R   UJ-898  UL21  020EZA"}
	8 : <CFString 0x7fff91d991f0 [0x7fff91ac3af0]>{contents = "DRDeviceProfilePathKey"} = <CFString 0x7fff91d9c630 [0x7fff91ac3af0]>{contents = "built-in"}
	12 : <CFString 0x7fff91d99050 [0x7fff91ac3af0]>{contents = "DRDeviceSupportLevelKey"} = <CFString 0x7fff91d990f0 [0x7fff91ac3af0]>{contents = "DRDeviceSupportLevelAppleShipping"}
	13 : <CFString 0x7fff91d996f0 [0x7fff91ac3af0]>{contents = "DRDeviceProductNameKey"} = <CFString 0x60000042f7a0 [0x7fff91ac3af0]>{contents = "DVD-R   UJ-898"}
	14 : <CFString 0x7fff91d99730 [0x7fff91ac3af0]>{contents = "DRDevicePhysicalInterconnectKey"} = <CFString 0x7fff91d99750 [0x7fff91ac3af0]>{contents = "ATAPI"}
	17 : <CFString 0x7fff91d996d0 [0x7fff91ac3af0]>{contents = "DRDeviceVendorNameKey"} = MATSHITA
	18 : <CFString 0x7fff91d99150 [0x7fff91ac3af0]>{contents = "DRDeviceLoadingMechanismCanEjectKey"} = <CFBoolean 0x7fff91ac43e8 [0x7fff91ac3af0]>{value = true}
	19 : <CFString 0x7fff91d99130 [0x7fff91ac3af0]>{contents = "DRDeviceWriteCapabilitiesKey"} = <CFBasicHash 0x600000867f80 [0x7fff91ac3af0]>{type = immutable dict, count = 37,
entries =>
	0 : <CFString 0x7fff91d99570 [0x7fff91ac3af0]>{contents = "DRDeviceCanWriteIndexPointsKey"} = <CFBoolean 0x7fff91ac43e8 [0x7fff91ac3af0]>{value = true}
	1 : <CFString 0x7fff91d993b0 [0x7fff91ac3af0]>{contents = "DRDeviceCanWriteDVDPlusRWDoubleLayerKey"} = <CFBoolean 0x7fff91ac43f8 [0x7fff91ac3af0]>{value = false}
	2 : <CFString 0x7fff91d995d0 [0x7fff91ac3af0]>{contents = "DRDeviceCanWriteCDTAOKey"} = <CFBoolean 0x7fff91ac43e8 [0x7fff91ac3af0]>{value = true}
	3 : <CFString 0x7fff91d99210 [0x7fff91ac3af0]>{contents = "DRDeviceCanWriteKey"} = <CFBoolean 0x7fff91ac43e8 [0x7fff91ac3af0]>{value = true}
	6 : <CFString 0x7fff91d99590 [0x7fff91ac3af0]>{contents = "DRDeviceCanWriteISRCKey"} = <CFBoolean 0x7fff91ac43e8 [0x7fff91ac3af0]>{value = true}
	10 : <CFString 0x7fff91d99250 [0x7fff91ac3af0]>{contents = "DRDeviceCanWriteCDRKey"} = <CFBoolean 0x7fff91ac43e8 [0x7fff91ac3af0]>{value = true}
	11 : <CFString 0x7fff91d99310 [0x7fff91ac3af0]>{contents = "DRDeviceCanWriteDVDRWDualLayerKey"} = <CFBoolean 0x7fff91ac43f8 [0x7fff91ac3af0]>{value = false}
	12 : <CFString 0x7fff91d99430 [0x7fff91ac3af0]>{contents = "DRDeviceCanWriteBDRSRMKey"} = <CFBoolean 0x7fff91ac43f8 [0x7fff91ac3af0]>{value = false}
	13 : <CFString 0x7fff91d99350 [0x7fff91ac3af0]>{contents = "DRDeviceCanWriteDVDPlusRKey"} = <CFBoolean 0x7fff91ac43e8 [0x7fff91ac3af0]>{value = true}
	14 : <CFString 0x7fff91d994f0 [0x7fff91ac3af0]>{contents = "DRDeviceCanWriteHDDVDRAMKey"} = <CFBoolean 0x7fff91ac43f8 [0x7fff91ac3af0]>{value = false}
	15 : <CFString 0x7fff91d99690 [0x7fff91ac3af0]>{contents = "DRDeviceCanUnderrunProtectCDKey"} = <CFBoolean 0x7fff91ac43e8 [0x7fff91ac3af0]>{value = true}
	18 : <CFString 0x7fff91d99290 [0x7fff91ac3af0]>{contents = "DRDeviceCanWriteDVDKey"} = <CFBoolean 0x7fff91ac43e8 [0x7fff91ac3af0]>{value = true}
	22 : <CFString 0x7fff91d993d0 [0x7fff91ac3af0]>{contents = "DRDeviceCanWriteBDKey"} = <CFBoolean 0x7fff91ac43f8 [0x7fff91ac3af0]>{value = false}
	27 : <CFString 0x7fff91d99470 [0x7fff91ac3af0]>{contents = "DRDeviceCanWriteBDRPOWKey"} = <CFBoolean 0x7fff91ac43f8 [0x7fff91ac3af0]>{value = false}
	30 : <CFString 0x7fff91d99410 [0x7fff91ac3af0]>{contents = "DRDeviceCanWriteBDREKey"} = <CFBoolean 0x7fff91ac43f8 [0x7fff91ac3af0]>{value = false}
	31 : <CFString 0x7fff91d99630 [0x7fff91ac3af0]>{contents = "DRDeviceCanWriteDVDDAOKey"} = <CFBoolean 0x7fff91ac43e8 [0x7fff91ac3af0]>{value = true}
	32 : <CFString 0x7fff91d99270 [0x7fff91ac3af0]>{contents = "DRDeviceCanWriteCDRWKey"} = <CFBoolean 0x7fff91ac43e8 [0x7fff91ac3af0]>{value = true}
	33 : <CFString 0x7fff91d99490 [0x7fff91ac3af0]>{contents = "DRDeviceCanWriteHDDVDKey"} = <CFBoolean 0x7fff91ac43f8 [0x7fff91ac3af0]>{value = false}
	36 : <CFString 0x7fff91d99230 [0x7fff91ac3af0]>{contents = "DRDeviceCanWriteCDKey"} = <CFBoolean 0x7fff91ac43e8 [0x7fff91ac3af0]>{value = true}
	37 : <CFString 0x7fff91d993f0 [0x7fff91ac3af0]>{contents = "DRDeviceCanWriteBDRKey"} = <CFBoolean 0x7fff91ac43f8 [0x7fff91ac3af0]>{value = false}
	40 : <CFString 0x7fff91d992f0 [0x7fff91ac3af0]>{contents = "DRDeviceCanWriteDVDRWKey"} = <CFBoolean 0x7fff91ac43e8 [0x7fff91ac3af0]>{value = true}
	41 : <CFString 0x7fff91d99370 [0x7fff91ac3af0]>{contents = "DRDeviceCanWriteDVDPlusRDoubleLayerKey"} = <CFBoolean 0x7fff91ac43e8 [0x7fff91ac3af0]>{value = true}
	42 : <CFString 0x7fff91d99390 [0x7fff91ac3af0]>{contents = "DRDeviceCanWriteDVDPlusRWKey"} = <CFBoolean 0x7fff91ac43e8 [0x7fff91ac3af0]>{value = true}
	44 : <CFString 0x7fff91d992d0 [0x7fff91ac3af0]>{contents = "DRDeviceCanWriteDVDRDualLayerKey"} = <CFBoolean 0x7fff91ac43e8 [0x7fff91ac3af0]>{value = true}
	45 : <CFString 0x7fff91d99550 [0x7fff91ac3af0]>{contents = "DRDeviceCanWriteCDTextKey"} = <CFBoolean 0x7fff91ac43e8 [0x7fff91ac3af0]>{value = true}
	46 : <CFString 0x7fff91d99510 [0x7fff91ac3af0]>{contents = "DRDeviceCanWriteHDDVDRWKey"} = <CFBoolean 0x7fff91ac43f8 [0x7fff91ac3af0]>{value = false}
	47 : <CFString 0x7fff91d99450 [0x7fff91ac3af0]>{contents = "DRDeviceCanWriteBDRRRMKey"} = <CFBoolean 0x7fff91ac43f8 [0x7fff91ac3af0]>{value = false}
	48 : <CFString 0x7fff91d996b0 [0x7fff91ac3af0]>{contents = "DRDeviceCanUnderrunProtectDVDKey"} = <CFBoolean 0x7fff91ac43e8 [0x7fff91ac3af0]>{value = true}
	50 : <CFString 0x7fff91d995f0 [0x7fff91ac3af0]>{contents = "DRDeviceCanWriteCDSAOKey"} = <CFBoolean 0x7fff91ac43e8 [0x7fff91ac3af0]>{value = true}
	56 : <CFString 0x7fff91d99610 [0x7fff91ac3af0]>{contents = "DRDeviceCanWriteCDRawKey"} = <CFBoolean 0x7fff91ac43f8 [0x7fff91ac3af0]>{value = false}
	57 : <CFString 0x7fff91d99670 [0x7fff91ac3af0]>{contents = "DRDeviceCanTestWriteDVDKey"} = <CFBoolean 0x7fff91ac43e8 [0x7fff91ac3af0]>{value = true}
	58 : <CFString 0x7fff91d994b0 [0x7fff91ac3af0]>{contents = "DRDeviceCanWriteHDDVDRKey"} = <CFBoolean 0x7fff91ac43f8 [0x7fff91ac3af0]>{value = false}
	61 : <CFString 0x7fff91d99330 [0x7fff91ac3af0]>{contents = "DRDeviceCanWriteDVDRAMKey"} = <CFBoolean 0x7fff91ac43f8 [0x7fff91ac3af0]>{value = false}
	67 : <CFString 0x7fff91d994d0 [0x7fff91ac3af0]>{contents = "DRDeviceCanWriteHDDVDRDualLayerKey"} = <CFBoolean 0x7fff91ac43f8 [0x7fff91ac3af0]>{value = false}
	68 : <CFString 0x7fff91d992b0 [0x7fff91ac3af0]>{contents = "DRDeviceCanWriteDVDRKey"} = <CFBoolean 0x7fff91ac43e8 [0x7fff91ac3af0]>{value = true}
	69 : <CFString 0x7fff91d99530 [0x7fff91ac3af0]>{contents = "DRDeviceCanWriteHDDVDRWDualLayerKey"} = <CFBoolean 0x7fff91ac43f8 [0x7fff91ac3af0]>{value = false}
	70 : <CFString 0x7fff91d99650 [0x7fff91ac3af0]>{contents = "DRDeviceCanTestWriteCDKey"} = <CFBoolean 0x7fff91ac43e8 [0x7fff91ac3af0]>{value = true}
}

	21 : <CFString 0x7fff91d99710 [0x7fff91ac3af0]>{contents = "DRDeviceFirmwareRevisionKey"} = HE13
	22 : <CFString 0x7fff91d99170 [0x7fff91ac3af0]>{contents = "DRDeviceLoadingMechanismCanInjectKey"} = <CFBoolean 0x7fff91ac43f8 [0x7fff91ac3af0]>{value = false}
}

status = <CFBasicHash 0x600000862b00 [0x7fff91ac3af0]>{type = immutable dict, count = 5,
entries =>
	0 : <CFString 0x7fff91d99930 [0x7fff91ac3af0]>{contents = "DRDeviceMediaStateKey"} = <CFString 0x7fff91d99990 [0x7fff91ac3af0]>{contents = "DRDeviceMediaStateNone"}
	1 : <CFString 0x7fff91d998b0 [0x7fff91ac3af0]>{contents = "DRDeviceIsBusyKey"} = <CFBoolean 0x7fff91ac43f8 [0x7fff91ac3af0]>{value = false}
	2 : <CFString 0x7fff91d998d0 [0x7fff91ac3af0]>{contents = "DRDeviceIsTrayOpenKey"} = <CFBoolean 0x7fff91ac43e8 [0x7fff91ac3af0]>{value = true}
	5 : <CFString 0x7fff91d998f0 [0x7fff91ac3af0]>{contents = "DRDeviceMaximumWriteSpeedKey"} = <CFNumber 0x47 [0x7fff91ac3af0]>{value = +0.0, type = kCFNumberFloat32Type}
	6 : <CFString 0x7fff91d99910 [0x7fff91ac3af0]>{contents = "DRDeviceCurrentWriteSpeedKey"} = <CFNumber 0x47 [0x7fff91ac3af0]>{value = +0.0, type = kCFNumberFloat32Type}
}


