
fsck_hfs started at Thu Jan 26 10:20:46 2023
** /dev/rdisk2s1 (NO WRITE)
   Executing fsck_hfs (version hfs-407.50.6).
** Checking non-journaled HFS Plus Volume.
   The volume name is REAPER_INSTALL_UNIVERSAL
** Checking extents overflow file.
** Checking catalog file.
** Checking multi-linked files.
** Checking catalog hierarchy.
** Checking extended attributes file.
** Checking volume bitmap.
** Checking volume information.
** The volume REAPER_INSTALL_UNIVERSAL appears to be OK.
fsck_hfs completed at Thu Jan 26 10:20:46 2023


fsck_hfs started at Thu Jan 26 11:12:47 2023
** /dev/rdisk3s1 (NO WRITE)
   Executing fsck_hfs (version hfs-407.50.6).
** Checking non-journaled HFS Plus Volume.
   The volume name is Steven Slate Audio Center 3.0.1-universal
** Checking extents overflow file.
** Checking catalog file.
** Checking multi-linked files.
** Checking catalog hierarchy.
** Checking extended attributes file.
** Checking volume bitmap.
** Checking volume information.
** The volume Steven Slate Audio Center 3.0.1-universal appears to be OK.
fsck_hfs completed at Thu Jan 26 11:12:48 2023


fsck_hfs started at Thu Jan 26 15:19:22 2023
** /dev/rdisk2s1 (NO WRITE)
   Executing fsck_hfs (version hfs-407.50.6).
** Checking non-journaled HFS Plus Volume.
   The volume name is Canva 1.59.0-arm64
** Checking extents overflow file.
** Checking catalog file.
** Checking multi-linked files.
** Checking catalog hierarchy.
** Checking extended attributes file.
** Checking volume bitmap.
** Checking volume information.
** The volume Canva 1.59.0-arm64 appears to be OK.
fsck_hfs completed at Thu Jan 26 15:19:22 2023


fsck_hfs started at Thu Jan 26 15:27:25 2023
** /dev/rdisk3s3 (NO WRITE)
   Executing fsck_hfs (version hfs-407.50.6).
** Checking non-journaled HFS Plus Volume.
   The volume name is Firefox
** Checking extents overflow file.
** Checking catalog file.
** Checking multi-linked files.
** Checking catalog hierarchy.
** Checking extended attributes file.
** Checking volume bitmap.
** Checking volume information.
** The volume Firefox appears to be OK.
fsck_hfs completed at Thu Jan 26 15:27:25 2023


fsck_hfs started at Sat Jan 28 14:36:15 2023
** /dev/rdisk2s1 (NO WRITE)
   Executing fsck_hfs (version hfs-407.50.6).
** Checking non-journaled HFS Plus Volume.
   The volume name is Native Access 3.1.0
** Checking extents overflow file.
** Checking catalog file.
** Checking multi-linked files.
** Checking catalog hierarchy.
** Checking extended attributes file.
** Checking volume bitmap.
** Checking volume information.
** The volume Native Access 3.1.0 appears to be OK.
fsck_hfs completed at Sat Jan 28 14:36:15 2023

