2023-01-26 20:20:02.216 [info] Extension host with pid 1999 started
2023-01-26 20:20:02.702 [info] ExtensionService#_doActivateExtension vscode.microsoft-authentication, startup: false, activationEvent: 'onAuthenticationRequest:microsoft'
2023-01-26 20:20:02.706 [info] ExtensionService#_doActivateExtension vscode.git-base, startup: true, activationEvent: '*', root cause: vscode.git
2023-01-26 20:20:03.043 [info] ExtensionService#_doActivateExtension vscode.git, startup: true, activationEvent: '*'
2023-01-26 20:20:03.043 [info] ExtensionService#_doActivateExtension vscode.github, startup: true, activationEvent: '*'
2023-01-26 20:20:03.488 [info] ExtensionService#_doActivateExtension vscode.github-authentication, startup: false, activationEvent: 'onAuthenticationRequest:github'
2023-01-26 20:20:03.817 [info] Eager extensions activated
2023-01-26 20:20:03.872 [info] ExtensionService#_doActivateExtension vscode.debug-auto-launch, startup: false, activationEvent: 'onStartupFinished'
2023-01-26 20:20:03.872 [info] ExtensionService#_doActivateExtension vscode.emmet, startup: false, activationEvent: 'onStartupFinished'
2023-01-26 20:20:03.874 [info] ExtensionService#_doActivateExtension vscode.merge-conflict, startup: false, activationEvent: 'onStartupFinished'
2023-01-26 20:20:15.419 [info] Extension host terminating: received terminate message from renderer
2023-01-26 20:20:15.435 [info] Extension host with pid 1999 exiting with code 0
2023-01-26 20:20:18.553 [info] Extension host with pid 2019 started
2023-01-26 20:20:18.553 [info] Skipping acquiring lock for /Users/rafaelsouza/Library/Application Support/Code/User/workspaceStorage/04cedc4ef5cfff76fcc3fc6b0fb8a4a3.
2023-01-26 20:20:18.825 [info] ExtensionService#_doActivateExtension vscode.microsoft-authentication, startup: false, activationEvent: 'onAuthenticationRequest:microsoft'
2023-01-26 20:20:18.826 [info] ExtensionService#_doActivateExtension vscode.git-base, startup: true, activationEvent: '*'
2023-01-26 20:20:18.978 [info] ExtensionService#_doActivateExtension vscode.github, startup: true, activationEvent: '*'
2023-01-26 20:20:19.011 [info] Eager extensions activated
2023-01-26 20:20:19.015 [info] ExtensionService#_doActivateExtension vscode.debug-auto-launch, startup: false, activationEvent: 'onStartupFinished'
2023-01-26 20:20:19.015 [info] ExtensionService#_doActivateExtension vscode.emmet, startup: false, activationEvent: 'onStartupFinished'
2023-01-26 20:20:19.016 [info] ExtensionService#_doActivateExtension vscode.merge-conflict, startup: false, activationEvent: 'onStartupFinished'
2023-01-26 20:20:19.056 [info] ExtensionService#_doActivateExtension vscode.github-authentication, startup: false, activationEvent: 'onAuthenticationRequest:github'
2023-01-26 20:20:26.015 [info] ExtensionService#_doActivateExtension vscode.git, startup: false, activationEvent: 'api', root cause: vscode.github
2023-01-26 20:31:44.237 [info] ExtensionService#_doActivateExtension ms-toolsai.jupyter, startup: false, activationEvent: 'onLanguage:python'
2023-01-26 20:31:44.238 [info] ExtensionService#_doActivateExtension ms-python.python, startup: false, activationEvent: 'onLanguage:python'
2023-01-26 20:31:46.142 [info] ExtensionService#_doActivateExtension ms-toolsai.jupyter-renderers, startup: false, activationEvent: 'api', root cause: ms-toolsai.jupyter
2023-01-26 20:31:46.650 [info] ExtensionService#_doActivateExtension ms-python.isort, startup: false, activationEvent: 'onLanguage:python'
2023-01-26 20:31:46.650 [info] ExtensionService#_doActivateExtension ms-python.vscode-pylance, startup: false, activationEvent: 'onLanguage:python'
2023-01-26 20:31:48.529 [error] Error: Module 'pip' not installed.
	at l.execModule (/Users/rafaelsouza/.vscode/extensions/ms-toolsai.jupyter-2022.11.1003412109/out/extension.node.js:7:82791)
	at async r.getPackageInformation (/Users/rafaelsouza/.vscode/extensions/ms-toolsai.jupyter-2022.11.1003412109/out/extension.node.js:17:42188)
2023-01-26 23:22:30.591 [info] Extension host terminating: received terminate message from renderer
2023-01-26 23:22:30.748 [info] Extension host with pid 2019 exiting with code 0
