2023-01-26 20:20:03.174 [info] Starting worker process with pid 2005 (type: fileWatcher, window: 1).
2023-01-26 20:20:15.448 [info] Worker process with pid 2005 terminated normally (type: fileWatcher, window: 1).
2023-01-26 20:20:17.032 [info] Starting worker process with pid 2020 (type: fileWatcher, window: 1).
2023-01-26 20:31:15.074 [info] Getting Manifest... ms-python.python
2023-01-26 20:31:15.112 [info] Installing extension: ms-python.python
2023-01-26 20:31:16.351 [info] Getting Manifest... ms-toolsai.jupyter
2023-01-26 20:31:17.243 [info] Getting Manifest... ms-toolsai.jupyter-keymap
2023-01-26 20:31:17.966 [info] Getting Manifest... ms-toolsai.jupyter-renderers
2023-01-26 20:31:18.603 [info] Getting Manifest... ms-toolsai.vscode-jupyter-cell-tags
2023-01-26 20:31:19.212 [info] Getting Manifest... ms-toolsai.vscode-jupyter-slideshow
2023-01-26 20:31:19.826 [info] Getting Manifest... ms-python.vscode-pylance
2023-01-26 20:31:20.044 [info] Getting Manifest... ms-python.isort
2023-01-26 20:31:20.801 [info] Installing extension: ms-toolsai.jupyter ms-python.python
2023-01-26 20:31:20.801 [info] Installing extension: ms-toolsai.jupyter-keymap ms-python.python
2023-01-26 20:31:20.801 [info] Installing extension: ms-toolsai.jupyter-renderers ms-python.python
2023-01-26 20:31:20.802 [info] Installing extension: ms-toolsai.vscode-jupyter-cell-tags ms-python.python
2023-01-26 20:31:20.802 [info] Installing extension: ms-toolsai.vscode-jupyter-slideshow ms-python.python
2023-01-26 20:31:20.803 [info] Installing extension: ms-python.vscode-pylance ms-python.python
2023-01-26 20:31:20.803 [info] Installing extension: ms-python.isort ms-python.python
2023-01-26 20:31:22.877 [info] Extracted extension to /Users/rafaelsouza/.vscode/extensions/.444fd168-76a0-4300-8ac0-bd9e419ddb34: ms-toolsai.jupyter-keymap
2023-01-26 20:31:22.907 [info] Renamed to /Users/rafaelsouza/.vscode/extensions/ms-toolsai.jupyter-keymap-1.0.0
2023-01-26 20:31:22.914 [info] Extracting completed. ms-toolsai.jupyter-keymap
2023-01-26 20:31:22.971 [info] Extracted extension to /Users/rafaelsouza/.vscode/extensions/.55b8cbbb-6a60-482b-ac24-9465c8961b42: ms-toolsai.vscode-jupyter-slideshow
2023-01-26 20:31:22.990 [info] Renamed to /Users/rafaelsouza/.vscode/extensions/ms-toolsai.vscode-jupyter-slideshow-0.1.5
2023-01-26 20:31:22.995 [info] Extracting completed. ms-toolsai.vscode-jupyter-slideshow
2023-01-26 20:31:23.122 [info] Extracted extension to /Users/rafaelsouza/.vscode/extensions/.deb542bb-0ca2-43d5-a4df-4e70a26b7767: ms-toolsai.vscode-jupyter-cell-tags
2023-01-26 20:31:23.141 [info] Renamed to /Users/rafaelsouza/.vscode/extensions/ms-toolsai.vscode-jupyter-cell-tags-0.1.6
2023-01-26 20:31:23.145 [info] Extracting completed. ms-toolsai.vscode-jupyter-cell-tags
2023-01-26 20:31:24.697 [info] Extracted extension to /Users/rafaelsouza/.vscode/extensions/.698e32fe-2c2a-4fa9-93f4-72ffc1b31d04: ms-toolsai.jupyter-renderers
2023-01-26 20:31:24.721 [info] Renamed to /Users/rafaelsouza/.vscode/extensions/ms-toolsai.jupyter-renderers-1.0.14
2023-01-26 20:31:24.726 [info] Extracting completed. ms-toolsai.jupyter-renderers
2023-01-26 20:31:28.305 [info] Extracted extension to /Users/rafaelsouza/.vscode/extensions/.f3865646-c671-4dcc-9de6-d5823b9aa61b: ms-toolsai.jupyter
2023-01-26 20:31:28.356 [info] Renamed to /Users/rafaelsouza/.vscode/extensions/ms-toolsai.jupyter-2022.11.1003412109
2023-01-26 20:31:28.381 [info] Extracting completed. ms-toolsai.jupyter
2023-01-26 20:31:32.209 [info] Extracted extension to /Users/rafaelsouza/.vscode/extensions/.497a3a6c-7c2e-48ae-8c3d-6ef1888b5b70: ms-python.python
2023-01-26 20:31:32.236 [info] Renamed to /Users/rafaelsouza/.vscode/extensions/ms-python.python-2022.20.2
2023-01-26 20:31:32.247 [info] Extracting completed. ms-python.python
2023-01-26 20:31:35.136 [info] Extracted extension to /Users/rafaelsouza/.vscode/extensions/.c1eb4b7e-a617-4ba9-8a74-d7be3aee60d5: ms-python.isort
2023-01-26 20:31:35.169 [info] Renamed to /Users/rafaelsouza/.vscode/extensions/ms-python.isort-2022.8.0
2023-01-26 20:31:35.176 [info] Extracting completed. ms-python.isort
2023-01-26 20:31:42.684 [info] Extracted extension to /Users/rafaelsouza/.vscode/extensions/.0f2a83a0-7b05-4f0d-85ba-f987f85f7136: ms-python.vscode-pylance
2023-01-26 20:31:42.742 [info] Renamed to /Users/rafaelsouza/.vscode/extensions/ms-python.vscode-pylance-2023.1.40
2023-01-26 20:31:42.748 [info] Extracting completed. ms-python.vscode-pylance
2023-01-26 20:31:42.782 [info] Extension installed successfully: ms-toolsai.jupyter-keymap
2023-01-26 20:31:42.783 [info] Extension installed successfully: ms-toolsai.vscode-jupyter-slideshow
2023-01-26 20:31:42.783 [info] Extension installed successfully: ms-toolsai.vscode-jupyter-cell-tags
2023-01-26 20:31:42.784 [info] Extension installed successfully: ms-toolsai.jupyter-renderers
2023-01-26 20:31:42.784 [info] Extension installed successfully: ms-toolsai.jupyter
2023-01-26 20:31:42.785 [info] Extension installed successfully: ms-python.python
2023-01-26 20:31:42.785 [info] Extension installed successfully: ms-python.isort
2023-01-26 20:31:42.785 [info] Extension installed successfully: ms-python.vscode-pylance
2023-01-26 23:22:30.747 [info] Worker process with pid 2020 terminated normally (type: fileWatcher, window: 1).
